16-Feb-2025 15:46:41.298 INFO [main] org.apache.catalina.startup.VersionLoggerListener.log Server version name:   Apache Tomcat/11.0.3
16-Feb-2025 15:46:41.303 INFO [main] org.apache.catalina.startup.VersionLoggerListener.log Server built:          Feb 4 2025 17:40:20 UTC
16-Feb-2025 15:46:41.304 INFO [main] org.apache.catalina.startup.VersionLoggerListener.log Server version number: 11.0.3.0
16-Feb-2025 15:46:41.304 INFO [main] org.apache.catalina.startup.VersionLoggerListener.log OS Name:               Windows 11
16-Feb-2025 15:46:41.304 INFO [main] org.apache.catalina.startup.VersionLoggerListener.log OS Version:            10.0
16-Feb-2025 15:46:41.305 INFO [main] org.apache.catalina.startup.VersionLoggerListener.log Architecture:          amd64
16-Feb-2025 15:46:41.305 INFO [main] org.apache.catalina.startup.VersionLoggerListener.log Java Home:             C:\Program Files\Java\jdk-23.0.2
16-Feb-2025 15:46:41.305 INFO [main] org.apache.catalina.startup.VersionLoggerListener.log JVM Version:           23.0.2+7-58
16-Feb-2025 15:46:41.305 INFO [main] org.apache.catalina.startup.VersionLoggerListener.log JVM Vendor:            Oracle Corporation
16-Feb-2025 15:46:41.305 INFO [main] org.apache.catalina.startup.VersionLoggerListener.log CATALINA_BASE:         C:\Web2_Eclipse\apache-tomcat-11.0.3
16-Feb-2025 15:46:41.305 INFO [main] org.apache.catalina.startup.VersionLoggerListener.log CATALINA_HOME:         C:\Web2_Eclipse\apache-tomcat-11.0.3
16-Feb-2025 15:46:41.317 INFO [main] org.apache.catalina.startup.VersionLoggerListener.log Command line argument: -Djava.util.logging.config.file=C:\Web2_Eclipse\apache-tomcat-11.0.3\conf\logging.properties
16-Feb-2025 15:46:41.317 INFO [main] org.apache.catalina.startup.VersionLoggerListener.log Command line argument: -Djava.util.logging.manager=org.apache.juli.ClassLoaderLogManager
16-Feb-2025 15:46:41.317 INFO [main] org.apache.catalina.startup.VersionLoggerListener.log Command line argument: -Djdk.tls.ephemeralDHKeySize=2048
16-Feb-2025 15:46:41.317 INFO [main] org.apache.catalina.startup.VersionLoggerListener.log Command line argument: -Dsun.io.useCanonCaches=false
16-Feb-2025 15:46:41.318 INFO [main] org.apache.catalina.startup.VersionLoggerListener.log Command line argument: --add-opens=java.base/java.lang=ALL-UNNAMED
16-Feb-2025 15:46:41.318 INFO [main] org.apache.catalina.startup.VersionLoggerListener.log Command line argument: --add-opens=java.base/java.io=ALL-UNNAMED
16-Feb-2025 15:46:41.318 INFO [main] org.apache.catalina.startup.VersionLoggerListener.log Command line argument: --add-opens=java.base/java.util=ALL-UNNAMED
16-Feb-2025 15:46:41.318 INFO [main] org.apache.catalina.startup.VersionLoggerListener.log Command line argument: --add-opens=java.base/java.util.concurrent=ALL-UNNAMED
16-Feb-2025 15:46:41.318 INFO [main] org.apache.catalina.startup.VersionLoggerListener.log Command line argument: --add-opens=java.rmi/sun.rmi.transport=ALL-UNNAMED
16-Feb-2025 15:46:41.319 INFO [main] org.apache.catalina.startup.VersionLoggerListener.log Command line argument: --enable-native-access=ALL-UNNAMED
16-Feb-2025 15:46:41.319 INFO [main] org.apache.catalina.startup.VersionLoggerListener.log Command line argument: -Dcatalina.base=C:\Web2_Eclipse\apache-tomcat-11.0.3
16-Feb-2025 15:46:41.319 INFO [main] org.apache.catalina.startup.VersionLoggerListener.log Command line argument: -Dcatalina.home=C:\Web2_Eclipse\apache-tomcat-11.0.3
16-Feb-2025 15:46:41.319 INFO [main] org.apache.catalina.startup.VersionLoggerListener.log Command line argument: -Djava.io.tmpdir=C:\Web2_Eclipse\apache-tomcat-11.0.3\temp
16-Feb-2025 15:46:41.402 INFO [main] org.apache.catalina.core.AprLifecycleListener.lifecycleEvent Loaded Apache Tomcat Native library [2.0.8] using APR version [1.7.4].
16-Feb-2025 15:46:41.426 INFO [main] org.apache.catalina.core.AprLifecycleListener.initializeSSL OpenSSL successfully initialized [OpenSSL 3.0.14 4 Jun 2024]
16-Feb-2025 15:46:41.702 INFO [main] org.apache.coyote.AbstractProtocol.init Initializing ProtocolHandler ["http-nio-8080"]
16-Feb-2025 15:46:41.725 INFO [main] org.apache.catalina.startup.Catalina.load Server initialization in [627] milliseconds
16-Feb-2025 15:46:41.775 INFO [main] org.apache.catalina.core.StandardService.startInternal Starting service [Catalina]
16-Feb-2025 15:46:41.776 INFO [main] org.apache.catalina.core.StandardEngine.startInternal Starting Servlet engine: [Apache Tomcat/11.0.3]
16-Feb-2025 15:46:41.789 INFO [main] org.apache.catalina.startup.HostConfig.deployDirectory Deploying web application directory [C:\Web2_Eclipse\apache-tomcat-11.0.3\webapps\docs]
16-Feb-2025 15:46:42.160 INFO [main] org.apache.catalina.startup.HostConfig.deployDirectory Deployment of web application directory [C:\Web2_Eclipse\apache-tomcat-11.0.3\webapps\docs] has finished in [370] ms
16-Feb-2025 15:46:42.160 INFO [main] org.apache.catalina.startup.HostConfig.deployDirectory Deploying web application directory [C:\Web2_Eclipse\apache-tomcat-11.0.3\webapps\examples]
16-Feb-2025 15:46:42.937 INFO [main] org.apache.catalina.startup.HostConfig.deployDirectory Deployment of web application directory [C:\Web2_Eclipse\apache-tomcat-11.0.3\webapps\examples] has finished in [777] ms
16-Feb-2025 15:46:42.938 INFO [main] org.apache.catalina.startup.HostConfig.deployDirectory Deploying web application directory [C:\Web2_Eclipse\apache-tomcat-11.0.3\webapps\host-manager]
16-Feb-2025 15:46:42.979 INFO [main] org.apache.catalina.startup.HostConfig.deployDirectory Deployment of web application directory [C:\Web2_Eclipse\apache-tomcat-11.0.3\webapps\host-manager] has finished in [41] ms
16-Feb-2025 15:46:42.980 INFO [main] org.apache.catalina.startup.HostConfig.deployDirectory Deploying web application directory [C:\Web2_Eclipse\apache-tomcat-11.0.3\webapps\manager]
16-Feb-2025 15:46:43.017 INFO [main] org.apache.catalina.startup.HostConfig.deployDirectory Deployment of web application directory [C:\Web2_Eclipse\apache-tomcat-11.0.3\webapps\manager] has finished in [36] ms
16-Feb-2025 15:46:43.017 INFO [main] org.apache.catalina.startup.HostConfig.deployDirectory Deploying web application directory [C:\Web2_Eclipse\apache-tomcat-11.0.3\webapps\ROOT]
16-Feb-2025 15:46:43.048 INFO [main] org.apache.catalina.startup.HostConfig.deployDirectory Deployment of web application directory [C:\Web2_Eclipse\apache-tomcat-11.0.3\webapps\ROOT] has finished in [31] ms
16-Feb-2025 15:46:43.052 INFO [main] org.apache.coyote.AbstractProtocol.start Starting ProtocolHandler ["http-nio-8080"]
16-Feb-2025 15:46:43.079 INFO [main] org.apache.catalina.startup.Catalina.start Server startup in [1353] milliseconds
16-Feb-2025 15:47:31.150 INFO [main] org.apache.catalina.startup.VersionLoggerListener.log Server version name:   Apache Tomcat/11.0.3
16-Feb-2025 15:47:31.155 INFO [main] org.apache.catalina.startup.VersionLoggerListener.log Server built:          Feb 4 2025 17:40:20 UTC
16-Feb-2025 15:47:31.155 INFO [main] org.apache.catalina.startup.VersionLoggerListener.log Server version number: 11.0.3.0
16-Feb-2025 15:47:31.156 INFO [main] org.apache.catalina.startup.VersionLoggerListener.log OS Name:               Windows 11
16-Feb-2025 15:47:31.156 INFO [main] org.apache.catalina.startup.VersionLoggerListener.log OS Version:            10.0
16-Feb-2025 15:47:31.156 INFO [main] org.apache.catalina.startup.VersionLoggerListener.log Architecture:          amd64
16-Feb-2025 15:47:31.156 INFO [main] org.apache.catalina.startup.VersionLoggerListener.log Java Home:             C:\Program Files\Java\jdk-23.0.2
16-Feb-2025 15:47:31.157 INFO [main] org.apache.catalina.startup.VersionLoggerListener.log JVM Version:           23.0.2+7-58
16-Feb-2025 15:47:31.157 INFO [main] org.apache.catalina.startup.VersionLoggerListener.log JVM Vendor:            Oracle Corporation
16-Feb-2025 15:47:31.157 INFO [main] org.apache.catalina.startup.VersionLoggerListener.log CATALINA_BASE:         C:\Web2_Eclipse\apache-tomcat-11.0.3
16-Feb-2025 15:47:31.157 INFO [main] org.apache.catalina.startup.VersionLoggerListener.log CATALINA_HOME:         C:\Web2_Eclipse\apache-tomcat-11.0.3
16-Feb-2025 15:47:31.168 INFO [main] org.apache.catalina.startup.VersionLoggerListener.log Command line argument: -Djava.util.logging.config.file=C:\Web2_Eclipse\apache-tomcat-11.0.3\conf\logging.properties
16-Feb-2025 15:47:31.168 INFO [main] org.apache.catalina.startup.VersionLoggerListener.log Command line argument: -Djava.util.logging.manager=org.apache.juli.ClassLoaderLogManager
16-Feb-2025 15:47:31.168 INFO [main] org.apache.catalina.startup.VersionLoggerListener.log Command line argument: -Djdk.tls.ephemeralDHKeySize=2048
16-Feb-2025 15:47:31.168 INFO [main] org.apache.catalina.startup.VersionLoggerListener.log Command line argument: -Dsun.io.useCanonCaches=false
16-Feb-2025 15:47:31.168 INFO [main] org.apache.catalina.startup.VersionLoggerListener.log Command line argument: --add-opens=java.base/java.lang=ALL-UNNAMED
16-Feb-2025 15:47:31.169 INFO [main] org.apache.catalina.startup.VersionLoggerListener.log Command line argument: --add-opens=java.base/java.io=ALL-UNNAMED
16-Feb-2025 15:47:31.169 INFO [main] org.apache.catalina.startup.VersionLoggerListener.log Command line argument: --add-opens=java.base/java.util=ALL-UNNAMED
16-Feb-2025 15:47:31.169 INFO [main] org.apache.catalina.startup.VersionLoggerListener.log Command line argument: --add-opens=java.base/java.util.concurrent=ALL-UNNAMED
16-Feb-2025 15:47:31.169 INFO [main] org.apache.catalina.startup.VersionLoggerListener.log Command line argument: --add-opens=java.rmi/sun.rmi.transport=ALL-UNNAMED
16-Feb-2025 15:47:31.169 INFO [main] org.apache.catalina.startup.VersionLoggerListener.log Command line argument: --enable-native-access=ALL-UNNAMED
16-Feb-2025 15:47:31.170 INFO [main] org.apache.catalina.startup.VersionLoggerListener.log Command line argument: -Dcatalina.base=C:\Web2_Eclipse\apache-tomcat-11.0.3
16-Feb-2025 15:47:31.170 INFO [main] org.apache.catalina.startup.VersionLoggerListener.log Command line argument: -Dcatalina.home=C:\Web2_Eclipse\apache-tomcat-11.0.3
16-Feb-2025 15:47:31.170 INFO [main] org.apache.catalina.startup.VersionLoggerListener.log Command line argument: -Djava.io.tmpdir=C:\Web2_Eclipse\apache-tomcat-11.0.3\temp
16-Feb-2025 15:47:31.172 INFO [main] org.apache.catalina.core.AprLifecycleListener.lifecycleEvent Loaded Apache Tomcat Native library [2.0.8] using APR version [1.7.4].
16-Feb-2025 15:47:31.176 INFO [main] org.apache.catalina.core.AprLifecycleListener.initializeSSL OpenSSL successfully initialized [OpenSSL 3.0.14 4 Jun 2024]
16-Feb-2025 15:47:31.444 INFO [main] org.apache.coyote.AbstractProtocol.init Initializing ProtocolHandler ["http-nio-8080"]
16-Feb-2025 15:47:31.470 INFO [main] org.apache.catalina.startup.Catalina.load Server initialization in [489] milliseconds
16-Feb-2025 15:47:31.519 INFO [main] org.apache.catalina.core.StandardService.startInternal Starting service [Catalina]
16-Feb-2025 15:47:31.519 INFO [main] org.apache.catalina.core.StandardEngine.startInternal Starting Servlet engine: [Apache Tomcat/11.0.3]
16-Feb-2025 15:47:31.533 INFO [main] org.apache.catalina.startup.HostConfig.deployDirectory Deploying web application directory [C:\Web2_Eclipse\apache-tomcat-11.0.3\webapps\docs]
16-Feb-2025 15:47:31.834 INFO [main] org.apache.catalina.startup.HostConfig.deployDirectory Deployment of web application directory [C:\Web2_Eclipse\apache-tomcat-11.0.3\webapps\docs] has finished in [302] ms
16-Feb-2025 15:47:31.835 INFO [main] org.apache.catalina.startup.HostConfig.deployDirectory Deploying web application directory [C:\Web2_Eclipse\apache-tomcat-11.0.3\webapps\examples]
16-Feb-2025 15:47:32.236 INFO [main] org.apache.catalina.startup.HostConfig.deployDirectory Deployment of web application directory [C:\Web2_Eclipse\apache-tomcat-11.0.3\webapps\examples] has finished in [401] ms
16-Feb-2025 15:47:32.236 INFO [main] org.apache.catalina.startup.HostConfig.deployDirectory Deploying web application directory [C:\Web2_Eclipse\apache-tomcat-11.0.3\webapps\host-manager]
16-Feb-2025 15:47:32.267 INFO [main] org.apache.catalina.startup.HostConfig.deployDirectory Deployment of web application directory [C:\Web2_Eclipse\apache-tomcat-11.0.3\webapps\host-manager] has finished in [31] ms
16-Feb-2025 15:47:32.267 INFO [main] org.apache.catalina.startup.HostConfig.deployDirectory Deploying web application directory [C:\Web2_Eclipse\apache-tomcat-11.0.3\webapps\manager]
16-Feb-2025 15:47:32.299 INFO [main] org.apache.catalina.startup.HostConfig.deployDirectory Deployment of web application directory [C:\Web2_Eclipse\apache-tomcat-11.0.3\webapps\manager] has finished in [32] ms
16-Feb-2025 15:47:32.299 INFO [main] org.apache.catalina.startup.HostConfig.deployDirectory Deploying web application directory [C:\Web2_Eclipse\apache-tomcat-11.0.3\webapps\ROOT]
16-Feb-2025 15:47:32.331 INFO [main] org.apache.catalina.startup.HostConfig.deployDirectory Deployment of web application directory [C:\Web2_Eclipse\apache-tomcat-11.0.3\webapps\ROOT] has finished in [32] ms
16-Feb-2025 15:47:32.331 INFO [main] org.apache.coyote.AbstractProtocol.start Starting ProtocolHandler ["http-nio-8080"]
16-Feb-2025 15:47:32.347 INFO [main] org.apache.catalina.startup.Catalina.start Server startup in [888] milliseconds
16-Feb-2025 15:47:34.923 INFO [Thread-1] org.apache.coyote.AbstractProtocol.pause Pausing ProtocolHandler ["http-nio-8080"]
16-Feb-2025 15:47:34.938 INFO [Thread-1] org.apache.catalina.core.StandardService.stopInternal Stopping service [Catalina]
16-Feb-2025 15:47:34.955 INFO [Thread-1] org.apache.coyote.AbstractProtocol.stop Stopping ProtocolHandler ["http-nio-8080"]
16-Feb-2025 15:47:34.971 INFO [Thread-1] org.apache.coyote.AbstractProtocol.destroy Destroying ProtocolHandler ["http-nio-8080"]
16-Feb-2025 15:48:16.567 SEVERE [main] org.apache.catalina.startup.Catalina.stopServer Could not contact [localhost:8005] (base port [8005] and offset [0]). Tomcat may not be running.
16-Feb-2025 15:48:16.571 SEVERE [main] org.apache.catalina.startup.Catalina.stopServer Error stopping Catalina
	java.net.ConnectException: Connection refused: connect
		at java.base/sun.nio.ch.Net.connect0(Native Method)
		at java.base/sun.nio.ch.Net.connect(Net.java:589)
		at java.base/sun.nio.ch.Net.connect(Net.java:578)
		at java.base/sun.nio.ch.NioSocketImpl.connect(NioSocketImpl.java:583)
		at java.base/java.net.SocksSocketImpl.connect(SocksSocketImpl.java:327)
		at java.base/java.net.Socket.connect(Socket.java:760)
		at java.base/java.net.Socket.connect(Socket.java:695)
		at java.base/java.net.Socket.<init>(Socket.java:564)
		at java.base/java.net.Socket.<init>(Socket.java:328)
		at org.apache.catalina.startup.Catalina.stopServer(Catalina.java:655)
		at java.base/jdk.internal.reflect.DirectMethodHandleAccessor.invoke(DirectMethodHandleAccessor.java:103)
		at java.base/java.lang.reflect.Method.invoke(Method.java:580)
		at org.apache.catalina.startup.Bootstrap.stopServer(Bootstrap.java:390)
		at org.apache.catalina.startup.Bootstrap.main(Bootstrap.java:475)
